Build started 6/15/2015 12:06:56 AM.
     1>Project "C:\Users\Dustin\Documents\GitHub\ZShadeSandbox\ZShadeSandbox.vcxproj" on node 2 (Build target(s)).
     1>ClCompile:
         C:\Program Files (x86)\Microsoft Visual Studio 12.0\VC\bin\CL.exe /c /IC:\Users\Dustin\Documents\GitHub\ZShadeSandbox\\Framework /IC:\Users\Dustin\Documents\GitHub\ZShadeSandbox\\Framework\Editor /IC:\Users\Dustin\Documents\GitHub\ZShadeSandbox\\Framework\Game /IC:\Users\Dustin\Documents\GitHub\ZShadeSandbox\\Framework\Game\Base /IC:\Users\Dustin\Documents\GitHub\ZShadeSandbox\\Framework\Game\Systems /IC:\Users\Dustin\Documents\GitHub\ZShadeSandbox\\Framework\General /IC:\Users\Dustin\Documents\GitHub\ZShadeSandbox\\Framework\General\AI /IC:\Users\Dustin\Documents\GitHub\ZShadeSandbox\\Framework\General\Animation2D /IC:\Users\Dustin\Documents\GitHub\ZShadeSandbox\\Framework\General\Audio /IC:\Users\Dustin\Documents\GitHub\ZShadeSandbox\\Framework\General\Camera /IC:\Users\Dustin\Documents\GitHub\ZShadeSandbox\\Framework\General\Collision /IC:\Users\Dustin\Documents\GitHub\ZShadeSandbox\\Framework\General\DataTypes /IC:\Users\Dustin\Documents\GitHub\ZShadeSandbox\\Framework\General\Font /IC:\Users\Dustin\Documents\GitHub\ZShadeSandbox\\Framework\General\Generic /IC:\Users\Dustin\Documents\GitHub\ZShadeSandbox\\Framework\General\Math /IC:\Users\Dustin\Documents\GitHub\ZShadeSandbox\\Framework\General\Memory /IC:\Users\Dustin\Documents\GitHub\ZShadeSandbox\\Framework\General\Parsers /IC:\Users\Dustin\Documents\GitHub\ZShadeSandbox\\Framework\General\Performance /IC:\Users\Dustin\Documents\GitHub\ZShadeSandbox\\Framework\General\Scripting /IC:\Users\Dustin\Documents\GitHub\ZShadeSandbox\\Framework\General\WinBase /IC:\Users\Dustin\Documents\GitHub\ZShadeSandbox\\Framework\Graphics /IC:\Users\Dustin\Documents\GitHub\ZShadeSandbox\\Framework\Graphics\Base /IC:\Users\Dustin\Documents\GitHub\ZShadeSandbox\\Framework\Graphics\D3D /IC:\Users\Dustin\Documents\GitHub\ZShadeSandbox\\Framework\Graphics\Environment2D /IC:\Users\Dustin\Documents\GitHub\ZShadeSandbox\\Framework\Graphics\Environment3D /IC:\Users\Dustin\Documents\GitHub\ZShadeSandbox\\Framework\Graphics\Lighting /IC:\Users\Dustin\Documents\GitHub\ZShadeSandbox\\Framework\Graphics\Mesh /IC:\Users\Dustin\Documents\GitHub\ZShadeSandbox\\Framework\Graphics\Ocean /IC:\Users\Dustin\Documents\GitHub\ZShadeSandbox\\Framework\Graphics\Sky /IC:\Users\Dustin\Documents\GitHub\ZShadeSandbox\\Framework\Graphics\Terrain /IC:\Users\Dustin\Documents\GitHub\ZShadeSandbox\\Framework\Graphics\Vegitation\Grass /IC:\Users\Dustin\Documents\GitHub\ZShadeSandbox\\Framework\Graphics\Vegitation\Tree /IC:\Users\Dustin\Documents\GitHub\ZShadeSandbox\\Framework\Graphics\Water /IC:\Users\Dustin\Documents\GitHub\ZShadeSandbox\\Framework\Shaders /IC:\Users\Dustin\Documents\GitHub\ZShadeSandbox\\Framework\Shaders\Basic /IC:\Users\Dustin\Documents\GitHub\ZShadeSandbox\\Framework\Shaders\Environment /IC:\Users\Dustin\Documents\GitHub\ZShadeSandbox\\Framework\Shaders\Ocean /IC:\Users\Dustin\Documents\GitHub\ZShadeSandbox\\Framework\Shaders\PostProcess /IC:\Users\Dustin\Documents\GitHub\ZShadeSandbox\\Framework\Shaders\Sky /IC:\Users\Dustin\Documents\GitHub\ZShadeSandbox\\Framework\Shaders\Terrain /IC:\Users\Dustin\Documents\GitHub\ZShadeSandbox\\Framework\Shaders\Vegitation\Grass /IC:\Users\Dustin\Documents\GitHub\ZShadeSandbox\\Framework\Shaders\Vegitation\Tree /IC:\Users\Dustin\Documents\GitHub\ZShadeSandbox\\Framework\Shaders\Water /I"C:\Users\Dustin\Documents\GitHub\ZShadeSandbox\\Framework\Third Party" /IC:\Users\Dustin\Documents\GitHub\ZShadeSandbox\ /IC:\Users\Dustin\Documents\GitHub\ZShadeSandbox\\Framework\General\AI\LuaBehaviorTree /IC:\Users\Dustin\Documents\GitHub\ZShadeSandbox\\Framework\General\Physics /IC:\Users\Dustin\Documents\GitHub\ZShadeSandbox\\Framework\Graphics\SpriteGUI /IC:\Users\Dustin\Documents\GitHub\ZShadeSandbox\\Framework\Graphics\Environment2D\Platformer /IC:\Users\Dustin\Documents\GitHub\ZShadeSandbox\\Framework\Graphics\Environment2D\TopDown /IC:\Users\Dustin\Documents\GitHub\ZShadeSandbox\\Framework\General\Geometry /I"C:\Users\Dustin\Documents\GitHub\ZShadeSandbox\\Framework\Third Party\tolua" /I"C:\Users\Dustin\Documents\GitHub\ZShadeSandbox\\Framework\Third Party\lua" /IC:\Users\Dustin\Documents\GitHub\ZShadeSandbox\\Framework\Editor\Helpers /IC:\Users\Dustin\Documents\GitHub\ZShadeSandbox\\Framework\Editor\Windows /IC:\Users\Dustin\Documents\GitHub\ZShadeSandbox\\Framework\Game\Environment /IC:\Users\Dustin\Documents\GitHub\ZShadeSandbox\\Framework\Game\Environment\Environment2D /IC:\Users\Dustin\Documents\GitHub\ZShadeSandbox\\Framework\Game\Environment\Environment3D /IC:\Users\Dustin\Documents\GitHub\ZShadeSandbox\\Framework\General\Animation3D /IC:\Users\Dustin\Documents\GitHub\ZShadeSandbox\\Framework\Graphics\Volume /IC:\Users\Dustin\Documents\GitHub\ZShadeSandbox\\Framework\Editor\Windows\ToolWindow2D /IC:\Users\Dustin\Documents\GitHub\ZShadeSandbox\\Framework\Graphics\Shaders\BasicTessellation /IC:\Users\Dustin\Documents\GitHub\ZShadeSandbox\\Framework\Graphics\Landscape /IC:\Users\Dustin\Documents\GitHub\ZShadeSandbox\\Framework\Shaders\Mesh\OBJMesh /IC:\Users\Dustin\Documents\GitHub\ZShadeSandbox\\Framework\Graphics\DataTypes /IC:\Users\Dustin\Documents\GitHub\ZShadeSandbox\\Framework\Graphics\DataTypes\DataTypeTrees\BSP /IC:\Users\Dustin\Documents\GitHub\ZShadeSandbox\\Framework\Graphics\DataTypes\DataTypeTrees\BTT /IC:\Users\Dustin\Documents\GitHub\ZShadeSandbox\\Framework\Shaders\Environment\Lighting /IC:\Users\Dustin\Documents\GitHub\ZShadeSandbox\\Framework\Graphics\Sun /IC:\Users\Dustin\Documents\GitHub\ZShadeSandbox\\Framework\Shaders\Sun /IC:\Users\Dustin\Documents\GitHub\ZShadeSandbox\\Framework\Game\Persistance /IC:\Users\Dustin\Documents\GitHub\ZShadeSandbox\\Framework\Graphics\Mesh\CustomMesh /IC:\Users\Dustin\Documents\GitHub\ZShadeSandbox\\Framework\Graphics\Mesh\DAEMesh /IC:\Users\Dustin\Documents\GitHub\ZShadeSandbox\\Framework\Graphics\Mesh\FBXMesh /IC:\Users\Dustin\Documents\GitHub\ZShadeSandbox\\Framework\Graphics\Mesh\OBJMesh /IC:\Users\Dustin\Documents\GitHub\ZShadeSandbox\\Framework\Shaders\BasicTessellation /IC:\Users\Dustin\Documents\GitHub\ZShadeSandbox\\Framework\Editor\Windows\ToolWindow3D /IC:\Users\Dustin\Documents\GitHub\ZShadeSandbox\\Framework\Editor\EditorSystems /IC:\Users\Dustin\Documents\GitHub\ZShadeSandbox\\Framework\Editor\Windows\BasicEditorWindows /I"C:\Users\Dustin\Documents\GitHub\ZShadeSandbox\\Framework\Third Party\DXTex" /IC:\Users\Dustin\Documents\GitHub\ZShadeSandbox\\Framework\Graphics\PostProcessing /IC:\Users\Dustin\Documents\GitHub\ZShadeSandbox\\Framework\Shaders\Environment\Lighting\DeferredShading /IC:\Users\Dustin\Documents\GitHub\ZShadeSandbox\\Framework\Graphics\Lighting\DeferredShading /IC:\Users\Dustin\Documents\GitHub\ZShadeSandbox\\Framework\Shaders\Environment\Lighting\GBuffer /ZI /nologo /W0 /WX- /sdl /Od /Oy- /D _CRT_SECURE_NO_WARNINGS /D _MBCS /Gm /EHsc /RTC1 /MDd /GS /fp:precise /Zc:wchar_t /Zc:forScope /Fo"Debug\\" /Fd"Debug\vc120.pdb" /Gd /TP /analyze- /errorReport:prompt /FS Framework\Graphics\Terrain\QuadTreeRenderer.cpp
         QuadTreeRenderer.cpp
       Link:
         C:\Program Files (x86)\Microsoft Visual Studio 12.0\VC\bin\link.exe /ERRORREPORT:PROMPT /OUT:"C:\Users\Dustin\Documents\GitHub\ZShadeSandbox\Debug\ZShadeSandbox.exe" /INCREMENTAL /NOLOGO /LIBPATH:"C:\Program Files\Autodesk\FBX\FBX SDK\2015.1\lib\vs2013\x64\debug" kernel32.lib user32.lib gdi32.lib winspool.lib comdlg32.lib advapi32.lib shell32.lib ole32.lib oleaut32.lib uuid.lib odbc32.lib odbccp32.lib /MANIFEST /MANIFESTUAC:"level='asInvoker' uiAccess='false'" /manifest:embed /DEBUG /PDB:"C:\Users\Dustin\Documents\GitHub\ZShadeSandbox\Debug\ZShadeSandbox.pdb" /TLBID:1 /DYNAMICBASE /NXCOMPAT /IMPLIB:"C:\Users\Dustin\Documents\GitHub\ZShadeSandbox\Debug\ZShadeSandbox.lib" /MACHINE:X86 Debug\ZShadeSandbox.res
         Debug\HUDEditorSystem.obj
         Debug\MapEditorSystem2D.obj
         Debug\MenuEditorSystem.obj
         Debug\HistoryList.obj
         Debug\OpenFileDialog.obj
         Debug\SaveFileDialog.obj
         Debug\ImageSampleWindow.obj
         Debug\NewHUDWindow.obj
         Debug\NewMapWindow.obj
         Debug\NewMenuWindow.obj
         Debug\NewPlatformerMapWindow.obj
         Debug\ToolWindowHUD.obj
         Debug\ToolWindowMenu.obj
         Debug\ToolWindow2D.obj
         Debug\ToolWindow2DEditorTab.obj
         Debug\ToolWindow2DMapTab.obj
         Debug\ToolWindow2DSpriteCacheTab.obj
         Debug\ToolWindow2DSpriteTab.obj
         Debug\ToolWindow2DTab.obj
         Debug\ToolWindow2DTileCacheTab.obj
         Debug\ToolWindow2DTileTab.obj
         Debug\ToolWindow2DWorldTab.obj
         Debug\ToolWindow3D.obj
         Debug\ToolWindow3DEditorTab.obj
         Debug\ToolWindow3DTab.obj
         Debug\FrontEnd.obj
         Debug\CreateGameDirectory.obj
         Debug\GameState.obj
         Debug\HUD.obj
         Debug\Menu.obj
         Debug\Environment.obj
         Debug\Environment2D.obj
         Debug\Environment2DMapHelper.obj
         Debug\BlurredEnvironment.obj
         Debug\CubeReflectionOutdoorEnvironment.obj
         Debug\Environment3D.obj
         Debug\GrassFieldEnvironment.obj
         Debug\IndoorEnvironment.obj
         Debug\ModelEnvironment.obj
         Debug\OceanEnvironment.obj
         Debug\OutdoorEnvironment.obj
         Debug\PlaneEnvironment.obj
         Debug\TerrainEnvironment.obj
         Debug\TessellationEnvironment.obj
         Debug\VolumeEnvironment.obj
         Debug\EnvironmentBase.obj
         Debug\EnvironmentFactory.obj
         Debug\EnvironmentHUDHelper.obj
         Debug\EnvironmentMenuHelper.obj
         Debug\ZShadeXMLLoader.obj
         Debug\ZShadeXMLSaver.obj
         Debug\HUDSystem.obj
         Debug\MenuSystem.obj
         Debug\AISprite.obj
         Debug\LuaDelegate.obj
         Debug\LuaTask.obj
         Debug\Animation2D.obj
         Debug\AnimationFrame2D.obj
         Debug\AnimationProfile2D.obj
         Debug\ReadAnimationProfile2D.obj
         Debug\AnimationFrame3D.obj
         Debug\TextureAnimation3D.obj
         Debug\AudioSystem.obj
         Debug\MusicSystem.obj
         Debug\Sound.obj
         Debug\SoundSystem.obj
         Debug\wave.obj
         Debug\Camera.obj
         Debug\LightCamera.obj
         Debug\ProjectedCamera.obj
         Debug\ContactSolver.obj
         Debug\GJK.obj
         Debug\SAT.obj
         Debug\ShapeContact.obj
         Debug\BetterString.obj
         Debug\BinarySearch.obj
         Debug\CGlobal.obj
         Debug\LuaKeyMapper.obj
         Debug\ZShadeMessageCenter.obj
         Debug\AABB.obj
         Debug\BoundingBox.obj
         Debug\BoxPrimitive.obj
         Debug\CirclePrimitive.obj
         Debug\ConePrimitive.obj
         Debug\LinePrimitive.obj
         Debug\PlanePrimitive.obj
         Debug\Polygon.obj
         Debug\SpherePrimitive.obj
         Debug\TrianglePrimitive.obj
         Debug\Ray.obj
         Debug\Scalar.obj
         Debug\XMMath.obj
         Debug\XMMath2.obj
         Debug\XMMath3.obj
         Debug\XMMath4.obj
         Debug\XMMatrix.obj
         Debug\ZMath.obj
         Debug\MemoryMgr.obj
         Debug\FileParser.obj
         Debug\ZShadeINIParser.obj
         Debug\FPSCounter.obj
         Debug\Input.obj
         Debug\SleepTimer.obj
         Debug\Timer.obj
         Debug\PhysicsBody.obj
         Debug\PhysicsBodyBase.obj
         Debug\PhysicsWorld.obj
         Debug\FaceList.obj
         Debug\HalfEdge.obj
         Debug\HullFace.obj
         Debug\QuickHull.obj
         Debug\VertexList.obj
         Debug\Script.obj
         Debug\ScriptBase.obj
         Debug\Scripting.obj
         Debug\tolua_Funcs.obj
         Debug\tolua_Sprite.obj
         Debug\SplitterWindow.obj
         Debug\WinButton.obj
         Debug\WinCheckbox.obj
         Debug\WinComboBox.obj
         Debug\Window.obj
         Debug\WindowTabControl.obj
         Debug\WinLabel.obj
         Debug\WinListbox.obj
         Debug\WinPopupMenu.obj
         Debug\WinProgressBar.obj
         Debug\WinRadioGroup.obj
         Debug\WinSplitterContainer.obj
         Debug\WinStatusbar.obj
         Debug\WinText.obj
         Debug\WinTextbox.obj
         Debug\WinTimer.obj
         Debug\WinToolbar.obj
         Debug\WinTooltip.obj
         Debug\WinTrackbar.obj
         Debug\Button.obj
         Debug\DCRenderTexture.obj
         Debug\DefaultMaterials.obj
         Debug\DepthStencilBuffer.obj
         Debug\FogData.obj
         Debug\GDI.obj
         Debug\GDIFont.obj
         Debug\Image.obj
         Debug\MaterialManager.obj
         Debug\RenderTarget2D.obj
         Debug\ShadowMapTarget.obj
         Debug\StagingBuffer.obj
         Debug\StructuredBuffer.obj
         Debug\Text.obj
         Debug\Texture.obj
         Debug\TextureManager.obj
         Debug\D3D.obj
         Debug\GBuffer.obj
         Debug\BSP.obj
         Debug\BSPLine.obj
         Debug\BSPPolygon.obj
         Debug\BTT.obj
         Debug\Triangle.obj
         Debug\PlatformerBackground.obj
         Debug\PlatformerMap.obj
         Debug\PlatformerTile.obj
         Debug\PlatformerWorld.obj
         Debug\Sprite.obj
         Debug\Section.obj
         Debug\SectionAdjacency.obj
         Debug\SectorBuilder.obj
         Debug\Tile.obj
         Debug\TileSystem.obj
         Debug\TopdownMap.obj
         Debug\World.obj
         Debug\Map3D.obj
         Debug\InfinitePlane.obj
         Debug\AmbientLight.obj
         Debug\CapsuleLight.obj
         Debug\DeferredShaderManager.obj
         Debug\DirectionalLight.obj
         Debug\Light.obj
         Debug\LightManager.obj
         Debug\PointLight.obj
         Debug\ShaderMaterial.obj
         Debug\SpotLight.obj
         Debug\CircleMesh.obj
         Debug\CubeMesh.obj
         Debug\CustomMesh.obj
         Debug\CylindricalMesh.obj
         Debug\GeosphereMesh.obj
         Debug\GridMesh.obj
         Debug\MeshUtil.obj
         Debug\PlaneMesh.obj
         Debug\QuadMesh.obj
         Debug\SkydomeMesh.obj
         Debug\SphereMesh.obj
         Debug\TriangleMesh.obj
         Debug\MeshAttributes.obj
         Debug\OBJMesh.obj
         Debug\Vertex.obj
         Debug\OceanHeightfield.obj
         Debug\OceanPatchTree.obj
         Debug\OceanSurface.obj
         Debug\Particle.obj
         Debug\ParticleSystem.obj
         Debug\ParticleTrajectoryTest.obj
         Debug\Bloom.obj
         Debug\Bokeh.obj
         Debug\DepthOfField.obj
         Debug\HDR.obj
         Debug\LensFlare.obj
         Debug\MotionBlur.obj
         Debug\PostProcess.obj
         Debug\PostProcessColor.obj
         Debug\PostProcessManager.obj
         Debug\VolumetricLightRays.obj
         Debug\Sky.obj
         Debug\SkyPlane.obj
         Debug\Sun.obj
         Debug\SunQuad.obj
         Debug\SunRenderer.obj
         Debug\Heightmap.obj
         Debug\HeightmapTester.obj
         Debug\QNode.obj
         Debug\QuadTree.obj
         Debug\QuadTreeMesh.obj
         Debug\QuadTreeRenderer.obj
         Debug\SimpleTerrain.obj
         Debug\Grass.obj
         Debug\GrassField.obj
         Debug\GrassFieldMesh.obj
         Debug\Volume.obj
         Debug\LakeBed.obj
         Debug\Water.obj
         Debug\MaterialLightTessellationShader.obj
         Debug\MaterialTessellationShader.obj
         Debug\CSDesaturation.obj
         Debug\FontShader.obj
         Debug\MaterialLightShader.obj
         Debug\MaterialShader.obj
         Debug\Shader.obj
         Debug\ShaderCompiler.obj
         Debug\Shaders.obj
         Debug\TextureShader.obj
         Debug\BlurShader.obj
         Debug\AmbientLightDeferredShader.obj
         Debug\CapsuleLightDeferredShader.obj
         Debug\DirectionalLightDeferredShader.obj
         Debug\PointLightDeferredShader.obj
         Debug\SpotLightDeferredShader.obj
         Debug\DebugGBufferDeferredShader.obj
         Debug\MaterialGBufferShader.obj
         Debug\OBJGBufferShader.obj
         Debug\ShadowMapBuildShader.obj
         Debug\OBJMeshShader.obj
         Debug\OBJMeshTessellationShader.obj
         Debug\OceanSurfaceShader.obj
         Debug\SkyPlaneShader.obj
         Debug\SkyShader.obj
         Debug\SunShader.obj
         Debug\TerrainTessellationQuadShader.obj
         Debug\TerrainTessellationQuadShadowShader.obj
         Debug\TerrainTessellationQuadSSAOShader.obj
         Debug\TerrainTessellationTriShader.obj
         Debug\TerrainTessellationTriShadowShader.obj
         Debug\GrassFieldShader.obj
         Debug\LakeBedShader.obj
         Debug\WaterShader.obj
         Debug\BinaryReader.obj
         Debug\CommonStates.obj
         Debug\DDSTextureLoader.obj
         Debug\BC.obj
         Debug\BC4BC5.obj
         Debug\BC6HBC7.obj
         Debug\BCDirectCompute.obj
         Debug\DirectXTexCompress.obj
         Debug\DirectXTexCompressGPU.obj
         Debug\DirectXTexConvert.obj
         Debug\DirectXTexD3D11.obj
         Debug\DirectXTexDDS.obj
         Debug\DirectXTexFlipRotate.obj
         Debug\DirectXTexImage.obj
         Debug\DirectXTexMipmaps.obj
         Debug\DirectXTexMisc.obj
         Debug\DirectXTexNormalMaps.obj
         Debug\DirectXTexPMAlpha.obj
         Debug\DirectXTexResize.obj
         Debug\DirectXTexTGA.obj
         Debug\DirectXTexUtil.obj
         Debug\DirectXTexWIC.obj
         Debug\lapi.obj
         Debug\lauxlib.obj
         Debug\lbaselib.obj
         Debug\lbitlib.obj
         Debug\lcode.obj
         Debug\lcorolib.obj
         Debug\lctype.obj
         Debug\ldblib.obj
         Debug\ldebug.obj
         Debug\ldo.obj
         Debug\ldump.obj
         Debug\lfunc.obj
         Debug\lgc.obj
         Debug\linit.obj
         Debug\liolib.obj
         Debug\llex.obj
         Debug\lmathlib.obj
         Debug\lmem.obj
         Debug\loadlib.obj
         Debug\lobject.obj
         Debug\lopcodes.obj
         Debug\loslib.obj
         Debug\lparser.obj
         Debug\lstate.obj
         Debug\lstring.obj
         Debug\lstrlib.obj
         Debug\ltable.obj
         Debug\ltablib.obj
         Debug\ltm.obj
         Debug\lundump.obj
         Debug\lvm.obj
         Debug\lzio.obj
         Debug\pch.obj
         Debug\PrimitiveBatch.obj
         Debug\ScreenGrab.obj
         Debug\SimpleMath.obj
         Debug\SpriteBatch.obj
         Debug\SpriteFont.obj
         Debug\tinyxml2.obj
         Debug\toluabind.obj
         Debug\tolua_event.obj
         Debug\tolua_is.obj
         Debug\tolua_map.obj
         Debug\tolua_push.obj
         Debug\tolua_to.obj
         Debug\VertexTypes.obj
         Debug\WICTextureLoader.obj
         Debug\main.obj
         ZShadeSandbox.vcxproj -> C:\Users\Dustin\Documents\GitHub\ZShadeSandbox\Debug\ZShadeSandbox.exe
     1>Done Building Project "C:\Users\Dustin\Documents\GitHub\ZShadeSandbox\ZShadeSandbox.vcxproj" (Build target(s)).

Build succeeded.

Time Elapsed 00:00:04.44
