c:\users\dustin\documents\visual studio 2013\projects\zshadesandbox\debug\vc120.pdb
c:\users\dustin\documents\visual studio 2013\projects\zshadesandbox\debug\vc120.idb
c:\users\dustin\documents\visual studio 2013\projects\zshadesandbox\debug\quadtree.obj
c:\users\dustin\documents\visual studio 2013\projects\zshadesandbox\debug\quadtreerenderer.obj
c:\users\dustin\documents\visual studio 2013\projects\zshadesandbox\debug\simpleterrain.obj
c:\users\dustin\documents\visual studio 2013\projects\zshadesandbox\debug\grass.obj
c:\users\dustin\documents\visual studio 2013\projects\zshadesandbox\debug\grassfield.obj
c:\users\dustin\documents\visual studio 2013\projects\zshadesandbox\debug\grassfieldmesh.obj
c:\users\dustin\documents\visual studio 2013\projects\zshadesandbox\debug\water.obj
c:\users\dustin\documents\visual studio 2013\projects\zshadesandbox\debug\binaryreader.obj
c:\users\dustin\documents\visual studio 2013\projects\zshadesandbox\debug\commonstates.obj
c:\users\dustin\documents\visual studio 2013\projects\zshadesandbox\debug\ddstextureloader.obj
c:\users\dustin\documents\visual studio 2013\projects\zshadesandbox\debug\pch.obj
c:\users\dustin\documents\visual studio 2013\projects\zshadesandbox\debug\primitivebatch.obj
c:\users\dustin\documents\visual studio 2013\projects\zshadesandbox\debug\screengrab.obj
c:\users\dustin\documents\visual studio 2013\projects\zshadesandbox\debug\simplemath.obj
c:\users\dustin\documents\visual studio 2013\projects\zshadesandbox\debug\spritebatch.obj
c:\users\dustin\documents\visual studio 2013\projects\zshadesandbox\debug\spritefont.obj
c:\users\dustin\documents\visual studio 2013\projects\zshadesandbox\debug\tinyxml2.obj
c:\users\dustin\documents\visual studio 2013\projects\zshadesandbox\debug\vertextypes.obj
c:\users\dustin\documents\visual studio 2013\projects\zshadesandbox\debug\wictextureloader.obj
c:\users\dustin\documents\visual studio 2013\projects\zshadesandbox\debug\main.obj
c:\users\dustin\documents\visual studio 2013\projects\zshadesandbox\debug\oceanfftshader.obj
c:\users\dustin\documents\visual studio 2013\projects\zshadesandbox\debug\oceanheightfieldcs.obj
c:\users\dustin\documents\visual studio 2013\projects\zshadesandbox\debug\oceansurfshader.obj
c:\users\dustin\documents\visual studio 2013\projects\zshadesandbox\debug\simpleoceanshader.obj
c:\users\dustin\documents\visual studio 2013\projects\zshadesandbox\debug\postprocessor.obj
c:\users\dustin\documents\visual studio 2013\projects\zshadesandbox\debug\postprocessorbase.obj
c:\users\dustin\documents\visual studio 2013\projects\zshadesandbox\debug\postprocesssettings.obj
c:\users\dustin\documents\visual studio 2013\projects\zshadesandbox\debug\skyshader.obj
c:\users\dustin\documents\visual studio 2013\projects\zshadesandbox\debug\terrainshader.obj
c:\users\dustin\documents\visual studio 2013\projects\zshadesandbox\debug\grassfieldshader.obj
c:\users\dustin\documents\visual studio 2013\projects\zshadesandbox\debug\watershader.obj
c:\users\dustin\documents\visual studio 2013\projects\zshadesandbox\debug\sky.obj
c:\users\dustin\documents\visual studio 2013\projects\zshadesandbox\debug\button.obj
c:\users\dustin\documents\visual studio 2013\projects\zshadesandbox\debug\guiobject.obj
c:\users\dustin\documents\visual studio 2013\projects\zshadesandbox\debug\image.obj
c:\users\dustin\documents\visual studio 2013\projects\zshadesandbox\debug\slider.obj
c:\users\dustin\documents\visual studio 2013\projects\zshadesandbox\debug\spritegui.obj
c:\users\dustin\documents\visual studio 2013\projects\zshadesandbox\debug\text.obj
c:\users\dustin\documents\visual studio 2013\projects\zshadesandbox\debug\heightmap.obj
c:\users\dustin\documents\visual studio 2013\projects\zshadesandbox\debug\heightmaptester.obj
c:\users\dustin\documents\visual studio 2013\projects\zshadesandbox\debug\spheremesh.obj
c:\users\dustin\documents\visual studio 2013\projects\zshadesandbox\debug\trianglemesh.obj
c:\users\dustin\documents\visual studio 2013\projects\zshadesandbox\debug\vertex.obj
c:\users\dustin\documents\visual studio 2013\projects\zshadesandbox\debug\ocean.obj
c:\users\dustin\documents\visual studio 2013\projects\zshadesandbox\debug\oceanheightfield.obj
c:\users\dustin\documents\visual studio 2013\projects\zshadesandbox\debug\oceanmesh.obj
c:\users\dustin\documents\visual studio 2013\projects\zshadesandbox\debug\particle.obj
c:\users\dustin\documents\visual studio 2013\projects\zshadesandbox\debug\particlesystem.obj
c:\users\dustin\documents\visual studio 2013\projects\zshadesandbox\debug\particletrajectorytest.obj
c:\users\dustin\documents\visual studio 2013\projects\zshadesandbox\debug\colorshader.obj
c:\users\dustin\documents\visual studio 2013\projects\zshadesandbox\debug\csdesaturation.obj
c:\users\dustin\documents\visual studio 2013\projects\zshadesandbox\debug\fontshader.obj
c:\users\dustin\documents\visual studio 2013\projects\zshadesandbox\debug\posnormaltextanshader.obj
c:\users\dustin\documents\visual studio 2013\projects\zshadesandbox\debug\shader.obj
c:\users\dustin\documents\visual studio 2013\projects\zshadesandbox\debug\spriteguishader.obj
c:\users\dustin\documents\visual studio 2013\projects\zshadesandbox\debug\textureshader.obj
c:\users\dustin\documents\visual studio 2013\projects\zshadesandbox\debug\transparentshader.obj
c:\users\dustin\documents\visual studio 2013\projects\zshadesandbox\debug\blurshader.obj
c:\users\dustin\documents\visual studio 2013\projects\zshadesandbox\debug\gerstnerwaveshader.obj
c:\users\dustin\documents\visual studio 2013\projects\zshadesandbox\debug\oceanfftcs.obj
c:\users\dustin\documents\visual studio 2013\projects\zshadesandbox\debug\platformertile.obj
c:\users\dustin\documents\visual studio 2013\projects\zshadesandbox\debug\platformerworld.obj
c:\users\dustin\documents\visual studio 2013\projects\zshadesandbox\debug\sprite.obj
c:\users\dustin\documents\visual studio 2013\projects\zshadesandbox\debug\section.obj
c:\users\dustin\documents\visual studio 2013\projects\zshadesandbox\debug\sectionadjacency.obj
c:\users\dustin\documents\visual studio 2013\projects\zshadesandbox\debug\sectorbuilder.obj
c:\users\dustin\documents\visual studio 2013\projects\zshadesandbox\debug\tile.obj
c:\users\dustin\documents\visual studio 2013\projects\zshadesandbox\debug\tilesystem.obj
c:\users\dustin\documents\visual studio 2013\projects\zshadesandbox\debug\topdownmap.obj
c:\users\dustin\documents\visual studio 2013\projects\zshadesandbox\debug\world.obj
c:\users\dustin\documents\visual studio 2013\projects\zshadesandbox\debug\map3d.obj
c:\users\dustin\documents\visual studio 2013\projects\zshadesandbox\debug\circlemesh.obj
c:\users\dustin\documents\visual studio 2013\projects\zshadesandbox\debug\cubemesh.obj
c:\users\dustin\documents\visual studio 2013\projects\zshadesandbox\debug\custommesh.obj
c:\users\dustin\documents\visual studio 2013\projects\zshadesandbox\debug\cylindricalmesh.obj
c:\users\dustin\documents\visual studio 2013\projects\zshadesandbox\debug\geospheremesh.obj
c:\users\dustin\documents\visual studio 2013\projects\zshadesandbox\debug\gridmesh.obj
c:\users\dustin\documents\visual studio 2013\projects\zshadesandbox\debug\meshutil.obj
c:\users\dustin\documents\visual studio 2013\projects\zshadesandbox\debug\quadmesh.obj
c:\users\dustin\documents\visual studio 2013\projects\zshadesandbox\debug\skydomemesh.obj
c:\users\dustin\documents\visual studio 2013\projects\zshadesandbox\debug\winstatusbar.obj
c:\users\dustin\documents\visual studio 2013\projects\zshadesandbox\debug\wintext.obj
c:\users\dustin\documents\visual studio 2013\projects\zshadesandbox\debug\wintextbox.obj
c:\users\dustin\documents\visual studio 2013\projects\zshadesandbox\debug\wintimer.obj
c:\users\dustin\documents\visual studio 2013\projects\zshadesandbox\debug\wintoolbar.obj
c:\users\dustin\documents\visual studio 2013\projects\zshadesandbox\debug\wintooltip.obj
c:\users\dustin\documents\visual studio 2013\projects\zshadesandbox\debug\wintrackbar.obj
c:\users\dustin\documents\visual studio 2013\projects\zshadesandbox\debug\dcrendertexture.obj
c:\users\dustin\documents\visual studio 2013\projects\zshadesandbox\debug\depthstencilbuffer.obj
c:\users\dustin\documents\visual studio 2013\projects\zshadesandbox\debug\fogdata.obj
c:\users\dustin\documents\visual studio 2013\projects\zshadesandbox\debug\gdi.obj
c:\users\dustin\documents\visual studio 2013\projects\zshadesandbox\debug\gdifont.obj
c:\users\dustin\documents\visual studio 2013\projects\zshadesandbox\debug\rendertarget2d.obj
c:\users\dustin\documents\visual studio 2013\projects\zshadesandbox\debug\stagingbuffer.obj
c:\users\dustin\documents\visual studio 2013\projects\zshadesandbox\debug\structuredbuffer.obj
c:\users\dustin\documents\visual studio 2013\projects\zshadesandbox\debug\texture.obj
c:\users\dustin\documents\visual studio 2013\projects\zshadesandbox\debug\texturemanager.obj
c:\users\dustin\documents\visual studio 2013\projects\zshadesandbox\debug\d3d.obj
c:\users\dustin\documents\visual studio 2013\projects\zshadesandbox\debug\platformerbackground.obj
c:\users\dustin\documents\visual studio 2013\projects\zshadesandbox\debug\platformermap.obj
c:\users\dustin\documents\visual studio 2013\projects\zshadesandbox\debug\sleeptimer.obj
c:\users\dustin\documents\visual studio 2013\projects\zshadesandbox\debug\timer.obj
c:\users\dustin\documents\visual studio 2013\projects\zshadesandbox\debug\physicsbody.obj
c:\users\dustin\documents\visual studio 2013\projects\zshadesandbox\debug\physicsbodybase.obj
c:\users\dustin\documents\visual studio 2013\projects\zshadesandbox\debug\physicsworld.obj
c:\users\dustin\documents\visual studio 2013\projects\zshadesandbox\debug\script.obj
c:\users\dustin\documents\visual studio 2013\projects\zshadesandbox\debug\scriptbase.obj
c:\users\dustin\documents\visual studio 2013\projects\zshadesandbox\debug\scripting.obj
c:\users\dustin\documents\visual studio 2013\projects\zshadesandbox\debug\tolua_funcs.obj
c:\users\dustin\documents\visual studio 2013\projects\zshadesandbox\debug\tolua_sprite.obj
c:\users\dustin\documents\visual studio 2013\projects\zshadesandbox\debug\winbutton.obj
c:\users\dustin\documents\visual studio 2013\projects\zshadesandbox\debug\wincheckbox.obj
c:\users\dustin\documents\visual studio 2013\projects\zshadesandbox\debug\wincombobox.obj
c:\users\dustin\documents\visual studio 2013\projects\zshadesandbox\debug\window.obj
c:\users\dustin\documents\visual studio 2013\projects\zshadesandbox\debug\windowtabcontrol.obj
c:\users\dustin\documents\visual studio 2013\projects\zshadesandbox\debug\winlabel.obj
c:\users\dustin\documents\visual studio 2013\projects\zshadesandbox\debug\winlistbox.obj
c:\users\dustin\documents\visual studio 2013\projects\zshadesandbox\debug\winpopupmenu.obj
c:\users\dustin\documents\visual studio 2013\projects\zshadesandbox\debug\winprogressbar.obj
c:\users\dustin\documents\visual studio 2013\projects\zshadesandbox\debug\winradiogroup.obj
c:\users\dustin\documents\visual studio 2013\projects\zshadesandbox\debug\contactsolver.obj
c:\users\dustin\documents\visual studio 2013\projects\zshadesandbox\debug\gjk.obj
c:\users\dustin\documents\visual studio 2013\projects\zshadesandbox\debug\sat.obj
c:\users\dustin\documents\visual studio 2013\projects\zshadesandbox\debug\shapecontact.obj
c:\users\dustin\documents\visual studio 2013\projects\zshadesandbox\debug\betterstring.obj
c:\users\dustin\documents\visual studio 2013\projects\zshadesandbox\debug\binarysearch.obj
c:\users\dustin\documents\visual studio 2013\projects\zshadesandbox\debug\cglobal.obj
c:\users\dustin\documents\visual studio 2013\projects\zshadesandbox\debug\luakeymapper.obj
c:\users\dustin\documents\visual studio 2013\projects\zshadesandbox\debug\zshademessagecenter.obj
c:\users\dustin\documents\visual studio 2013\projects\zshadesandbox\debug\aabb.obj
c:\users\dustin\documents\visual studio 2013\projects\zshadesandbox\debug\boundingbox.obj
c:\users\dustin\documents\visual studio 2013\projects\zshadesandbox\debug\polygon.obj
c:\users\dustin\documents\visual studio 2013\projects\zshadesandbox\debug\scalar.obj
c:\users\dustin\documents\visual studio 2013\projects\zshadesandbox\debug\xmmath.obj
c:\users\dustin\documents\visual studio 2013\projects\zshadesandbox\debug\zmath.obj
c:\users\dustin\documents\visual studio 2013\projects\zshadesandbox\debug\memorymgr.obj
c:\users\dustin\documents\visual studio 2013\projects\zshadesandbox\debug\fileparser.obj
c:\users\dustin\documents\visual studio 2013\projects\zshadesandbox\debug\zshadeiniparser.obj
c:\users\dustin\documents\visual studio 2013\projects\zshadesandbox\debug\fpscounter.obj
c:\users\dustin\documents\visual studio 2013\projects\zshadesandbox\debug\input.obj
c:\users\dustin\documents\visual studio 2013\projects\zshadesandbox\debug\worldloader.obj
c:\users\dustin\documents\visual studio 2013\projects\zshadesandbox\debug\hudsystem.obj
c:\users\dustin\documents\visual studio 2013\projects\zshadesandbox\debug\menusystem.obj
c:\users\dustin\documents\visual studio 2013\projects\zshadesandbox\debug\hudwriter.obj
c:\users\dustin\documents\visual studio 2013\projects\zshadesandbox\debug\mapwriter.obj
c:\users\dustin\documents\visual studio 2013\projects\zshadesandbox\debug\menuwriter.obj
c:\users\dustin\documents\visual studio 2013\projects\zshadesandbox\debug\spritewriter.obj
c:\users\dustin\documents\visual studio 2013\projects\zshadesandbox\debug\worldwriter.obj
c:\users\dustin\documents\visual studio 2013\projects\zshadesandbox\debug\aisprite.obj
c:\users\dustin\documents\visual studio 2013\projects\zshadesandbox\debug\luadelegate.obj
c:\users\dustin\documents\visual studio 2013\projects\zshadesandbox\debug\luatask.obj
c:\users\dustin\documents\visual studio 2013\projects\zshadesandbox\debug\animation.obj
c:\users\dustin\documents\visual studio 2013\projects\zshadesandbox\debug\animationframe.obj
c:\users\dustin\documents\visual studio 2013\projects\zshadesandbox\debug\animationprofile.obj
c:\users\dustin\documents\visual studio 2013\projects\zshadesandbox\debug\readanimationprofile.obj
c:\users\dustin\documents\visual studio 2013\projects\zshadesandbox\debug\audiosystem.obj
c:\users\dustin\documents\visual studio 2013\projects\zshadesandbox\debug\musicsystem.obj
c:\users\dustin\documents\visual studio 2013\projects\zshadesandbox\debug\sound.obj
c:\users\dustin\documents\visual studio 2013\projects\zshadesandbox\debug\soundsystem.obj
c:\users\dustin\documents\visual studio 2013\projects\zshadesandbox\debug\camera.obj
c:\users\dustin\documents\visual studio 2013\projects\zshadesandbox\debug\menu.obj
c:\users\dustin\documents\visual studio 2013\projects\zshadesandbox\debug\environment.obj
c:\users\dustin\documents\visual studio 2013\projects\zshadesandbox\debug\environment2d.obj
c:\users\dustin\documents\visual studio 2013\projects\zshadesandbox\debug\environment2dmaphelper.obj
c:\users\dustin\documents\visual studio 2013\projects\zshadesandbox\debug\blurredenvironment.obj
c:\users\dustin\documents\visual studio 2013\projects\zshadesandbox\debug\cubereflectionoutdoorenvironment.obj
c:\users\dustin\documents\visual studio 2013\projects\zshadesandbox\debug\environment3d.obj
c:\users\dustin\documents\visual studio 2013\projects\zshadesandbox\debug\grassfieldenvironment.obj
c:\users\dustin\documents\visual studio 2013\projects\zshadesandbox\debug\oceanenvironment.obj
c:\users\dustin\documents\visual studio 2013\projects\zshadesandbox\debug\outdoorenvironment.obj
c:\users\dustin\documents\visual studio 2013\projects\zshadesandbox\debug\planeenvironment.obj
c:\users\dustin\documents\visual studio 2013\projects\zshadesandbox\debug\projectedgridenvironment.obj
c:\users\dustin\documents\visual studio 2013\projects\zshadesandbox\debug\environmentbase.obj
c:\users\dustin\documents\visual studio 2013\projects\zshadesandbox\debug\environmentfactory.obj
c:\users\dustin\documents\visual studio 2013\projects\zshadesandbox\debug\environmenthudhelper.obj
c:\users\dustin\documents\visual studio 2013\projects\zshadesandbox\debug\environmentmenuhelper.obj
c:\users\dustin\documents\visual studio 2013\projects\zshadesandbox\debug\hudloader.obj
c:\users\dustin\documents\visual studio 2013\projects\zshadesandbox\debug\maploader.obj
c:\users\dustin\documents\visual studio 2013\projects\zshadesandbox\debug\menuloader.obj
c:\users\dustin\documents\visual studio 2013\projects\zshadesandbox\debug\spriteloader.obj
c:\users\dustin\documents\visual studio 2013\projects\zshadesandbox\debug\historylist.obj
c:\users\dustin\documents\visual studio 2013\projects\zshadesandbox\debug\openfiledialog.obj
c:\users\dustin\documents\visual studio 2013\projects\zshadesandbox\debug\savefiledialog.obj
c:\users\dustin\documents\visual studio 2013\projects\zshadesandbox\debug\hudeditorsystem.obj
c:\users\dustin\documents\visual studio 2013\projects\zshadesandbox\debug\mapeditorsystem2d.obj
c:\users\dustin\documents\visual studio 2013\projects\zshadesandbox\debug\menueditorsystem.obj
c:\users\dustin\documents\visual studio 2013\projects\zshadesandbox\debug\tabeditwindow2d.obj
c:\users\dustin\documents\visual studio 2013\projects\zshadesandbox\debug\tabeditwindow3d.obj
c:\users\dustin\documents\visual studio 2013\projects\zshadesandbox\debug\imagesamplewindow.obj
c:\users\dustin\documents\visual studio 2013\projects\zshadesandbox\debug\newmapwindow.obj
c:\users\dustin\documents\visual studio 2013\projects\zshadesandbox\debug\newmenuwindow.obj
c:\users\dustin\documents\visual studio 2013\projects\zshadesandbox\debug\newplatformermapwindow.obj
c:\users\dustin\documents\visual studio 2013\projects\zshadesandbox\debug\frontend.obj
c:\users\dustin\documents\visual studio 2013\projects\zshadesandbox\debug\creategamedirectory.obj
c:\users\dustin\documents\visual studio 2013\projects\zshadesandbox\debug\gamestate.obj
c:\users\dustin\documents\visual studio 2013\projects\zshadesandbox\debug\hud.obj
c:\users\dustin\documents\visual studio 2013\projects\zshadesandbox\debug\loadlib.obj
c:\users\dustin\documents\visual studio 2013\projects\zshadesandbox\debug\lobject.obj
c:\users\dustin\documents\visual studio 2013\projects\zshadesandbox\debug\lopcodes.obj
c:\users\dustin\documents\visual studio 2013\projects\zshadesandbox\debug\loslib.obj
c:\users\dustin\documents\visual studio 2013\projects\zshadesandbox\debug\lparser.obj
c:\users\dustin\documents\visual studio 2013\projects\zshadesandbox\debug\lstate.obj
c:\users\dustin\documents\visual studio 2013\projects\zshadesandbox\debug\lstring.obj
c:\users\dustin\documents\visual studio 2013\projects\zshadesandbox\debug\lstrlib.obj
c:\users\dustin\documents\visual studio 2013\projects\zshadesandbox\debug\ltable.obj
c:\users\dustin\documents\visual studio 2013\projects\zshadesandbox\debug\ltablib.obj
c:\users\dustin\documents\visual studio 2013\projects\zshadesandbox\debug\ltm.obj
c:\users\dustin\documents\visual studio 2013\projects\zshadesandbox\debug\lundump.obj
c:\users\dustin\documents\visual studio 2013\projects\zshadesandbox\debug\lvm.obj
c:\users\dustin\documents\visual studio 2013\projects\zshadesandbox\debug\lzio.obj
c:\users\dustin\documents\visual studio 2013\projects\zshadesandbox\debug\toluabind.obj
c:\users\dustin\documents\visual studio 2013\projects\zshadesandbox\debug\tolua_event.obj
c:\users\dustin\documents\visual studio 2013\projects\zshadesandbox\debug\tolua_is.obj
c:\users\dustin\documents\visual studio 2013\projects\zshadesandbox\debug\tolua_map.obj
c:\users\dustin\documents\visual studio 2013\projects\zshadesandbox\debug\tolua_push.obj
c:\users\dustin\documents\visual studio 2013\projects\zshadesandbox\debug\tolua_to.obj
c:\users\dustin\documents\visual studio 2013\projects\zshadesandbox\debug\wave.obj
c:\users\dustin\documents\visual studio 2013\projects\zshadesandbox\debug\lapi.obj
c:\users\dustin\documents\visual studio 2013\projects\zshadesandbox\debug\lauxlib.obj
c:\users\dustin\documents\visual studio 2013\projects\zshadesandbox\debug\lbaselib.obj
c:\users\dustin\documents\visual studio 2013\projects\zshadesandbox\debug\lbitlib.obj
c:\users\dustin\documents\visual studio 2013\projects\zshadesandbox\debug\lcode.obj
c:\users\dustin\documents\visual studio 2013\projects\zshadesandbox\debug\lcorolib.obj
c:\users\dustin\documents\visual studio 2013\projects\zshadesandbox\debug\lctype.obj
c:\users\dustin\documents\visual studio 2013\projects\zshadesandbox\debug\ldblib.obj
c:\users\dustin\documents\visual studio 2013\projects\zshadesandbox\debug\ldebug.obj
c:\users\dustin\documents\visual studio 2013\projects\zshadesandbox\debug\ldo.obj
c:\users\dustin\documents\visual studio 2013\projects\zshadesandbox\debug\ldump.obj
c:\users\dustin\documents\visual studio 2013\projects\zshadesandbox\debug\lfunc.obj
c:\users\dustin\documents\visual studio 2013\projects\zshadesandbox\debug\lgc.obj
c:\users\dustin\documents\visual studio 2013\projects\zshadesandbox\debug\linit.obj
c:\users\dustin\documents\visual studio 2013\projects\zshadesandbox\debug\liolib.obj
c:\users\dustin\documents\visual studio 2013\projects\zshadesandbox\debug\llex.obj
c:\users\dustin\documents\visual studio 2013\projects\zshadesandbox\debug\lmathlib.obj
c:\users\dustin\documents\visual studio 2013\projects\zshadesandbox\debug\lmem.obj
c:\users\dustin\documents\visual studio 2013\projects\zshadesandbox\debug\volume.obj
c:\users\dustin\documents\visual studio 2013\projects\zshadesandbox\debug\animation2d.obj
c:\users\dustin\documents\visual studio 2013\projects\zshadesandbox\debug\animationframe2d.obj
c:\users\dustin\documents\visual studio 2013\projects\zshadesandbox\debug\animationprofile2d.obj
c:\users\dustin\documents\visual studio 2013\projects\zshadesandbox\debug\readanimationprofile2d.obj
c:\users\dustin\documents\visual studio 2013\projects\zshadesandbox\debug\animationframe3d.obj
c:\users\dustin\documents\visual studio 2013\projects\zshadesandbox\debug\volumeenvironment.obj
c:\users\dustin\documents\visual studio 2013\projects\zshadesandbox\debug\tabeditwindowspritetab.obj
c:\users\dustin\documents\visual studio 2013\projects\zshadesandbox\debug\tabeditwindowworldtab.obj
c:\users\dustin\documents\visual studio 2013\projects\zshadesandbox\debug\newhudwindow.obj
c:\users\dustin\documents\visual studio 2013\projects\zshadesandbox\debug\tabeditwindoweditortab.obj
c:\users\dustin\documents\visual studio 2013\projects\zshadesandbox\debug\tabeditwindowhudtab.obj
c:\users\dustin\documents\visual studio 2013\projects\zshadesandbox\debug\tabeditwindowmaptab.obj
c:\users\dustin\documents\visual studio 2013\projects\zshadesandbox\debug\tabeditwindowmenutab.obj
c:\users\dustin\documents\visual studio 2013\projects\zshadesandbox\debug\tabeditwindowspritecachetab.obj
c:\users\dustin\documents\visual studio 2013\projects\zshadesandbox\debug\tabeditwindowtab.obj
c:\users\dustin\documents\visual studio 2013\projects\zshadesandbox\debug\tabeditwindowtilecachetab.obj
c:\users\dustin\documents\visual studio 2013\projects\zshadesandbox\debug\tabeditwindowtiletab.obj
c:\users\dustin\documents\visual studio 2013\projects\zshadesandbox\debug\quadtreemesh.obj
c:\users\dustin\documents\visual studio 2013\projects\zshadesandbox\debug\tessellationenvironment.obj
c:\users\dustin\documents\visual studio 2013\projects\zshadesandbox\debug\quadcolortessellationshader.obj
c:\users\dustin\documents\visual studio 2013\projects\zshadesandbox\debug\quadtexturetessellationshader.obj
c:\users\dustin\documents\visual studio 2013\projects\zshadesandbox\debug\tricolortessellationshader.obj
c:\users\dustin\documents\visual studio 2013\projects\zshadesandbox\debug\tritexturetessellationshader.obj
c:\users\dustin\documents\visual studio 2013\projects\zshadesandbox\debug\terraintessellationquadshader.obj
c:\users\dustin\documents\visual studio 2013\projects\zshadesandbox\debug\zshadesandbox.ilk
c:\users\dustin\documents\visual studio 2013\projects\zshadesandbox\debug\zshadesandbox.exe
c:\users\dustin\documents\visual studio 2013\projects\zshadesandbox\debug\zshadesandbox.pdb
c:\users\dustin\documents\visual studio 2013\projects\zshadesandbox\debug\zshadesandbox.res
c:\users\dustin\documents\visual studio 2013\projects\zshadesandbox\debug\bitmap2d.obj
c:\users\dustin\documents\visual studio 2013\projects\zshadesandbox\debug\commands.obj
c:\users\dustin\documents\visual studio 2013\projects\zshadesandbox\debug\editorenvironment.obj
c:\users\dustin\documents\visual studio 2013\projects\zshadesandbox\debug\geometrygenerator.obj
c:\users\dustin\documents\visual studio 2013\projects\zshadesandbox\debug\lua.obj
c:\users\dustin\documents\visual studio 2013\projects\zshadesandbox\debug\luac.obj
c:\users\dustin\documents\visual studio 2013\projects\zshadesandbox\debug\maptestenvironment2d.obj
c:\users\dustin\documents\visual studio 2013\projects\zshadesandbox\debug\spriteproperties.obj
c:\users\dustin\documents\visual studio 2013\projects\zshadesandbox\debug\tabeditwindow.obj
c:\users\dustin\documents\visual studio 2013\projects\zshadesandbox\debug\tileproperties.obj
c:\users\dustin\documents\visual studio 2013\projects\zshadesandbox\debug\tolua.obj
c:\users\dustin\documents\visual studio 2013\projects\zshadesandbox\debug\zshadesandbox.tlog\cl.command.1.tlog
c:\users\dustin\documents\visual studio 2013\projects\zshadesandbox\debug\zshadesandbox.tlog\cl.read.1.tlog
c:\users\dustin\documents\visual studio 2013\projects\zshadesandbox\debug\zshadesandbox.tlog\cl.write.1.tlog
c:\users\dustin\documents\visual studio 2013\projects\zshadesandbox\debug\zshadesandbox.tlog\link-cvtres.read.1.tlog
c:\users\dustin\documents\visual studio 2013\projects\zshadesandbox\debug\zshadesandbox.tlog\link-cvtres.write.1.tlog
c:\users\dustin\documents\visual studio 2013\projects\zshadesandbox\debug\zshadesandbox.tlog\link-rc.read.1.tlog
c:\users\dustin\documents\visual studio 2013\projects\zshadesandbox\debug\zshadesandbox.tlog\link-rc.write.1.tlog
c:\users\dustin\documents\visual studio 2013\projects\zshadesandbox\debug\zshadesandbox.tlog\link.command.1.tlog
c:\users\dustin\documents\visual studio 2013\projects\zshadesandbox\debug\zshadesandbox.tlog\link.read.1.tlog
c:\users\dustin\documents\visual studio 2013\projects\zshadesandbox\debug\zshadesandbox.tlog\link.write.1.tlog
c:\users\dustin\documents\visual studio 2013\projects\zshadesandbox\debug\zshadesandbox.tlog\rc.command.1.tlog
c:\users\dustin\documents\visual studio 2013\projects\zshadesandbox\debug\zshadesandbox.tlog\rc.read.1.tlog
c:\users\dustin\documents\visual studio 2013\projects\zshadesandbox\debug\zshadesandbox.tlog\rc.write.1.tlog
